<?xml version="1.0" encoding="utf-8"?><testsuites><testsuite name="pytest" errors="0" failures="0" skipped="0" tests="4" time="0.131" timestamp="2024-10-07T16:13:23.868109+03:00" hostname="DESKTOP-6T3BQJJ"><testcase classname="tests.test_lab1.TestFactorial" name="test_factorial_negative" time="0.004" /><testcase classname="tests.test_lab1.TestFactorial" name="test_factorial_one" time="0.003" /><testcase classname="tests.test_lab1.TestFactorial" name="test_factorial_positive" time="0.002" /><testcase classname="tests.test_lab1.TestFactorial" name="test_factorial_zero" time="0.001" /></testsuite></testsuites>